2024-11-26 21:20:22,648 - INFO - url: https://raw.githubusercontent.com/fanmingming/live/main/tv/m3u/ipv6.m3u 获取成功，判断为m3u格式
2024-11-26 21:20:22,648 - INFO - url: https://raw.githubusercontent.com/fanmingming/live/main/tv/m3u/ipv6.m3u 爬取成功✅，包含频道数：318 包含频道分类: 央视频道, 卫视频道, 数字频道, 上海频道, 内蒙频道
2024-11-26 21:20:22,764 - INFO - url: https://raw.githubusercontent.com/adminouyang/231006/refs/heads/main/tvbox/%E7%9B%B4%E6%92%AD%E6%BA%90/live.txt 获取成功，判断为txt格式
2024-11-26 21:20:22,767 - INFO - url: https://raw.githubusercontent.com/adminouyang/231006/refs/heads/main/tvbox/%E7%9B%B4%E6%92%AD%E6%BA%90/live.txt 爬取成功✅，包含频道数：1641 包含频道分类: 央视、卫视台, NewTV, IHOT, 港澳台, 斗鱼, 虎牙, 安徽, 北京, 重庆, 广东, 福建, 贵州, 广西, 河北, 河南, 海南, 湖北, 湖南, 黑龙江, 甘肃, 江苏, 江西, 吉林, 浙江, 内蒙古, 宁夏, 新疆
2024-11-26 21:20:39,138 - INFO - 
酒店组播IP：


2024-11-26 21:20:39,138 - ERROR - url: 酒店组播 爬取失败❌, 读取历史记录
2024-11-26 21:20:39,138 - INFO - url: 酒店组播 获取成功，判断为txt格式
2024-11-26 21:20:39,138 - INFO - url: 酒店组播 爬取成功✅，包含频道数：2 包含频道分类: 酒店组播
2024-11-26 21:20:39,216 - INFO - url: https://raw.githubusercontent.com/Supprise0901/TVBox_live/main/live.txt 获取成功，判断为txt格式
2024-11-26 21:20:39,216 - INFO - url: https://raw.githubusercontent.com/Supprise0901/TVBox_live/main/live.txt 爬取成功✅，包含频道数：163 包含频道分类: 🇨🇳卫视频道, 🇨🇳央视频道, 🇭🇰港台
2024-11-26 21:20:57,092 - INFO - url: http://aktv.top/live.m3u 获取成功，判断为m3u格式
2024-11-26 21:20:57,172 - INFO - url: https://raw.githubusercontent.com/yuanzl77/IPTV/main/直播/央视频道.txt 获取成功，判断为txt格式
2024-11-26 21:20:57,172 - INFO - url: https://raw.githubusercontent.com/yuanzl77/IPTV/main/直播/央视频道.txt 爬取成功✅，包含频道数：22 包含频道分类: 央视频道
2024-11-26 21:20:58,875 - INFO - url: https://tv.youdu.fan:666/live/ 获取成功，判断为txt格式
2024-11-26 21:20:58,900 - INFO - url: https://tv.youdu.fan:666/live/ 爬取成功✅，包含频道数：8651 包含频道分类: 🌹防失联, 📡游山玩水, 📡央视频道, 📡卫视频道, 📡地方频道, 📡V6央视频道, 📡V6卫视频道, 📡儿童频道, 📡港澳台频道, 📡历届春晚, 📡直播中国, 🌏国际频道, 💞电影频道, 💃丨MTV现代, 📛丨MTV怀旧, 📡测试
2024-11-26 21:21:21,359 - INFO - url: http://ww.weidonglong.com/dsj.txt 获取成功，判断为txt格式
2024-11-26 21:21:21,360 - INFO - url: http://ww.weidonglong.com/dsj.txt 爬取成功✅，包含频道数：154 包含频道分类: 👉电视直播, 央视频道, 卫视频道, 卫视综合, 体育综合, 急救技能, 👉获取更新
2024-11-26 21:21:21,448 - INFO - url: https://raw.githubusercontent.com/vbskycn/iptv/master/tv/hd.txt 获取成功，判断为txt格式
2024-11-26 21:21:21,453 - INFO - url: https://raw.githubusercontent.com/vbskycn/iptv/master/tv/hd.txt 爬取成功✅，包含频道数：1576 包含频道分类: 央视频道jxH, 江西本地jxH, 卫视频道jxH, 电影频道jxH, 体育频道jxH, 儿童频道jxH, 特色频道jxH, 其他频道jxH, 央视频道ip6, 卫视频道ip6, 电影频道ip6, 数字频道ip6, 儿童频道ip6, 地方频道ip6, 综艺频道ip6, 纪录频道ip6, 体育频道ip6, 游戏频道ip6, 戏曲频道ip6, 更新时间ip6, 央视频道ip4, 卫视频道ip4, 电影频道ip4, 数字频道ip4, 儿童频道ip4, 地方频道ip4, 纪录频道ip4, 体育频道ip4, 解说频道ip4, 游戏频道ip4, 音乐频道ip4, 戏曲频道ip4, 更新时间ip4
2024-11-26 21:21:21,471 - INFO - url: https://raw.githubusercontent.com/kimwang1978/collect-tv-txt/main/merged_output.txt 获取成功，判断为txt格式
2024-11-26 21:21:21,501 - INFO - url: https://raw.githubusercontent.com/kimwang1978/collect-tv-txt/main/merged_output.txt 爬取成功✅，包含频道数：12469 包含频道分类: 更新时间, 💓专享源🅰️, 💓专享源🅱️, 💓专享央视, 💓专享卫视, 💓港澳台📶, 💓台湾台📶, 💓电视剧🔁, 💓优质个源, 💓儿童专享, 💓咪咕直播, 🏀SPORTS⚽️, 🍹定制台☕️, 💓英语频道, 🌐央视频道, 📡卫视频道, 上海频道, 体育频道, 电影频道, 电视剧频道, 明星, 主题片, 港澳台, 国际台, 纪录片, 动画片, 戏曲频道, 综艺频道, 音乐频道, 游戏频道, ☘️湖南频道, ☘️湖北频道, ☘️广东频道, ☘️浙江频道, ☘️山东频道, ☘️江苏频道, ☘️安徽频道, ☘️海南频道, ☘️内蒙频道, ☘️辽宁频道, ☘️陕西频道, ☘️山西频道, ☘️云南频道, ☘️北京频道, ☘️重庆频道, ☘️福建频道, ☘️甘肃频道, ☘️广西频道, ☘️贵州频道, ☘️河北频道, ☘️河南频道, ☘️黑龙江频道, ☘️吉林频道, ☘️江西频道, ☘️宁夏频道, ☘️青海频道, ☘️四川频道, ☘️天津频道, ☘️新疆频道, 解说频道, 春晚, 直播中国, MTV, 收音机频道, ❤️与凤行, ❤️以家人之名
2024-11-26 21:21:22,829 - INFO - 爬取完成✅，共计频道数：1914
